Performing C SOURCE FILE Test CMAKE_HAVE_LIBC_PTHREAD failed with the following output:
Change Dir: /home/kacperks/Pulpit/Projects/Voxeler/CMakeFiles/CMakeTmp

Run Build Command(s):/usr/bin/gmake cmTC_408aa/fast && /usr/bin/gmake  -f CMakeFiles/cmTC_408aa.dir/build.make CMakeFiles/cmTC_408aa.dir/build
gmake[1]: Wejście do katalogu '/home/kacperks/Pulpit/Projects/Voxeler/CMakeFiles/CMakeTmp'
Building C object CMakeFiles/cmTC_408aa.dir/src.c.o
/usr/bin/cc   -DCMAKE_HAVE_LIBC_PTHREAD -o CMakeFiles/cmTC_408aa.dir/src.c.o -c /home/kacperks/Pulpit/Projects/Voxeler/CMakeFiles/CMakeTmp/src.c
Linking C executable cmTC_408aa
/usr/bin/cmake -E cmake_link_script CMakeFiles/cmTC_408aa.dir/link.txt --verbose=1
/usr/bin/cc  -DCMAKE_HAVE_LIBC_PTHREAD CMakeFiles/cmTC_408aa.dir/src.c.o -o cmTC_408aa 
/usr/bin/ld: CMakeFiles/cmTC_408aa.dir/src.c.o: in function `main':
src.c:(.text+0x2f): undefined reference to `pthread_create'
/usr/bin/ld: src.c:(.text+0x3b): undefined reference to `pthread_detach'
/usr/bin/ld: src.c:(.text+0x47): undefined reference to `pthread_cancel'
/usr/bin/ld: src.c:(.text+0x58): undefined reference to `pthread_join'
collect2: error: ld returned 1 exit status
gmake[1]: *** [CMakeFiles/cmTC_408aa.dir/build.make:106: cmTC_408aa] Błąd 1
gmake[1]: Opuszczenie katalogu '/home/kacperks/Pulpit/Projects/Voxeler/CMakeFiles/CMakeTmp'
gmake: *** [Makefile:140: cmTC_408aa/fast] Błąd 2


Source file was:
#include <pthread.h>

void* test_func(void* data)
{
  return data;
}

int main(void)
{
  pthread_t thread;
  pthread_create(&thread, NULL, test_func, NULL);
  pthread_detach(thread);
  pthread_cancel(thread);
  pthread_join(thread, NULL);
  pthread_atfork(NULL, NULL, NULL);
  pthread_exit(NULL);

  return 0;
}

Determining if the function pthread_create exists in the pthreads failed with the following output:
Change Dir: /home/kacperks/Pulpit/Projects/Voxeler/CMakeFiles/CMakeTmp

Run Build Command(s):/usr/bin/gmake cmTC_f196a/fast && /usr/bin/gmake  -f CMakeFiles/cmTC_f196a.dir/build.make CMakeFiles/cmTC_f196a.dir/build
gmake[1]: Wejście do katalogu '/home/kacperks/Pulpit/Projects/Voxeler/CMakeFiles/CMakeTmp'
Building C object CMakeFiles/cmTC_f196a.dir/CheckFunctionExists.c.o
/usr/bin/cc   -DCHECK_FUNCTION_EXISTS=pthread_create -o CMakeFiles/cmTC_f196a.dir/CheckFunctionExists.c.o -c /usr/share/cmake-3.18/Modules/CheckFunctionExists.c
Linking C executable cmTC_f196a
/usr/bin/cmake -E cmake_link_script CMakeFiles/cmTC_f196a.dir/link.txt --verbose=1
/usr/bin/cc  -DCHECK_FUNCTION_EXISTS=pthread_create CMakeFiles/cmTC_f196a.dir/CheckFunctionExists.c.o -o cmTC_f196a  -lpthreads 
/usr/bin/ld: cannot find -lpthreads
collect2: error: ld returned 1 exit status
gmake[1]: *** [CMakeFiles/cmTC_f196a.dir/build.make:106: cmTC_f196a] Błąd 1
gmake[1]: Opuszczenie katalogu '/home/kacperks/Pulpit/Projects/Voxeler/CMakeFiles/CMakeTmp'
gmake: *** [Makefile:140: cmTC_f196a/fast] Błąd 2



Determining if the function __android_log_print exists in the log failed with the following output:
Change Dir: /home/kacperks/Pulpit/Projects/Voxeler/CMakeFiles/CMakeTmp

Run Build Command(s):/usr/bin/gmake cmTC_6aa15/fast && /usr/bin/gmake  -f CMakeFiles/cmTC_6aa15.dir/build.make CMakeFiles/cmTC_6aa15.dir/build
gmake[1]: Wejście do katalogu '/home/kacperks/Pulpit/Projects/Voxeler/CMakeFiles/CMakeTmp'
Building C object CMakeFiles/cmTC_6aa15.dir/CheckFunctionExists.c.o
/usr/bin/cc   -DCHECK_FUNCTION_EXISTS=__android_log_print -std=gnu11 -o CMakeFiles/cmTC_6aa15.dir/CheckFunctionExists.c.o -c /usr/share/cmake-3.18/Modules/CheckFunctionExists.c
Linking C executable cmTC_6aa15
/usr/bin/cmake -E cmake_link_script CMakeFiles/cmTC_6aa15.dir/link.txt --verbose=1
/usr/bin/cc  -DCHECK_FUNCTION_EXISTS=__android_log_print CMakeFiles/cmTC_6aa15.dir/CheckFunctionExists.c.o -o cmTC_6aa15  -llog -latomic 
/usr/bin/ld: cannot find -llog
collect2: error: ld returned 1 exit status
gmake[1]: *** [CMakeFiles/cmTC_6aa15.dir/build.make:106: cmTC_6aa15] Błąd 1
gmake[1]: Opuszczenie katalogu '/home/kacperks/Pulpit/Projects/Voxeler/CMakeFiles/CMakeTmp'
gmake: *** [Makefile:140: cmTC_6aa15/fast] Błąd 2



Determining if the include file arm_neon.h exists failed with the following output:
Change Dir: /home/kacperks/Pulpit/Projects/Voxeler/CMakeFiles/CMakeTmp

Run Build Command(s):/usr/bin/gmake cmTC_6c297/fast && /usr/bin/gmake  -f CMakeFiles/cmTC_6c297.dir/build.make CMakeFiles/cmTC_6c297.dir/build
gmake[1]: Wejście do katalogu '/home/kacperks/Pulpit/Projects/Voxeler/CMakeFiles/CMakeTmp'
Building C object CMakeFiles/cmTC_6c297.dir/CheckIncludeFile.c.o
/usr/bin/cc   -std=gnu11 -o CMakeFiles/cmTC_6c297.dir/CheckIncludeFile.c.o -c /home/kacperks/Pulpit/Projects/Voxeler/CMakeFiles/CMakeTmp/CheckIncludeFile.c
/home/kacperks/Pulpit/Projects/Voxeler/CMakeFiles/CMakeTmp/CheckIncludeFile.c:1:10: fatal error: arm_neon.h: Nie ma takiego pliku ani katalogu
    1 | #include <arm_neon.h>
      |          ^~~~~~~~~~~~
compilation terminated.
gmake[1]: *** [CMakeFiles/cmTC_6c297.dir/build.make:85: CMakeFiles/cmTC_6c297.dir/CheckIncludeFile.c.o] Błąd 1
gmake[1]: Opuszczenie katalogu '/home/kacperks/Pulpit/Projects/Voxeler/CMakeFiles/CMakeTmp'
gmake: *** [Makefile:140: cmTC_6c297/fast] Błąd 2



Determining if the include file intrin.h exists failed with the following output:
Change Dir: /home/kacperks/Pulpit/Projects/Voxeler/CMakeFiles/CMakeTmp

Run Build Command(s):/usr/bin/gmake cmTC_30019/fast && /usr/bin/gmake  -f CMakeFiles/cmTC_30019.dir/build.make CMakeFiles/cmTC_30019.dir/build
gmake[1]: Wejście do katalogu '/home/kacperks/Pulpit/Projects/Voxeler/CMakeFiles/CMakeTmp'
Building C object CMakeFiles/cmTC_30019.dir/CheckIncludeFile.c.o
/usr/bin/cc   -std=gnu11 -o CMakeFiles/cmTC_30019.dir/CheckIncludeFile.c.o -c /home/kacperks/Pulpit/Projects/Voxeler/CMakeFiles/CMakeTmp/CheckIncludeFile.c
/home/kacperks/Pulpit/Projects/Voxeler/CMakeFiles/CMakeTmp/CheckIncludeFile.c:1:10: fatal error: intrin.h: Nie ma takiego pliku ani katalogu
    1 | #include <intrin.h>
      |          ^~~~~~~~~~
compilation terminated.
gmake[1]: *** [CMakeFiles/cmTC_30019.dir/build.make:85: CMakeFiles/cmTC_30019.dir/CheckIncludeFile.c.o] Błąd 1
gmake[1]: Opuszczenie katalogu '/home/kacperks/Pulpit/Projects/Voxeler/CMakeFiles/CMakeTmp'
gmake: *** [Makefile:140: cmTC_30019/fast] Błąd 2



Determining if the include file guiddef.h exists failed with the following output:
Change Dir: /home/kacperks/Pulpit/Projects/Voxeler/CMakeFiles/CMakeTmp

Run Build Command(s):/usr/bin/gmake cmTC_3703d/fast && /usr/bin/gmake  -f CMakeFiles/cmTC_3703d.dir/build.make CMakeFiles/cmTC_3703d.dir/build
gmake[1]: Wejście do katalogu '/home/kacperks/Pulpit/Projects/Voxeler/CMakeFiles/CMakeTmp'
Building C object CMakeFiles/cmTC_3703d.dir/CheckIncludeFile.c.o
/usr/bin/cc   -std=gnu11 -o CMakeFiles/cmTC_3703d.dir/CheckIncludeFile.c.o -c /home/kacperks/Pulpit/Projects/Voxeler/CMakeFiles/CMakeTmp/CheckIncludeFile.c
/home/kacperks/Pulpit/Projects/Voxeler/CMakeFiles/CMakeTmp/CheckIncludeFile.c:1:10: fatal error: guiddef.h: Nie ma takiego pliku ani katalogu
    1 | #include <guiddef.h>
      |          ^~~~~~~~~~~
compilation terminated.
gmake[1]: *** [CMakeFiles/cmTC_3703d.dir/build.make:85: CMakeFiles/cmTC_3703d.dir/CheckIncludeFile.c.o] Błąd 1
gmake[1]: Opuszczenie katalogu '/home/kacperks/Pulpit/Projects/Voxeler/CMakeFiles/CMakeTmp'
gmake: *** [Makefile:140: cmTC_3703d/fast] Błąd 2



Determining if the include file initguid.h exists failed with the following output:
Change Dir: /home/kacperks/Pulpit/Projects/Voxeler/CMakeFiles/CMakeTmp

Run Build Command(s):/usr/bin/gmake cmTC_cfef8/fast && /usr/bin/gmake  -f CMakeFiles/cmTC_cfef8.dir/build.make CMakeFiles/cmTC_cfef8.dir/build
gmake[1]: Wejście do katalogu '/home/kacperks/Pulpit/Projects/Voxeler/CMakeFiles/CMakeTmp'
Building C object CMakeFiles/cmTC_cfef8.dir/CheckIncludeFile.c.o
/usr/bin/cc   -std=gnu11 -o CMakeFiles/cmTC_cfef8.dir/CheckIncludeFile.c.o -c /home/kacperks/Pulpit/Projects/Voxeler/CMakeFiles/CMakeTmp/CheckIncludeFile.c
/home/kacperks/Pulpit/Projects/Voxeler/CMakeFiles/CMakeTmp/CheckIncludeFile.c:1:10: fatal error: initguid.h: Nie ma takiego pliku ani katalogu
    1 | #include <initguid.h>
      |          ^~~~~~~~~~~~
compilation terminated.
gmake[1]: *** [CMakeFiles/cmTC_cfef8.dir/build.make:85: CMakeFiles/cmTC_cfef8.dir/CheckIncludeFile.c.o] Błąd 1
gmake[1]: Opuszczenie katalogu '/home/kacperks/Pulpit/Projects/Voxeler/CMakeFiles/CMakeTmp'
gmake: *** [Makefile:140: cmTC_cfef8/fast] Błąd 2



Determining if the _aligned_malloc exist failed with the following output:
Change Dir: /home/kacperks/Pulpit/Projects/Voxeler/CMakeFiles/CMakeTmp

Run Build Command(s):/usr/bin/gmake cmTC_56891/fast && /usr/bin/gmake  -f CMakeFiles/cmTC_56891.dir/build.make CMakeFiles/cmTC_56891.dir/build
gmake[1]: Wejście do katalogu '/home/kacperks/Pulpit/Projects/Voxeler/CMakeFiles/CMakeTmp'
Building C object CMakeFiles/cmTC_56891.dir/CheckSymbolExists.c.o
/usr/bin/cc    -o CMakeFiles/cmTC_56891.dir/CheckSymbolExists.c.o -c /home/kacperks/Pulpit/Projects/Voxeler/CMakeFiles/CMakeTmp/CheckSymbolExists.c
/home/kacperks/Pulpit/Projects/Voxeler/CMakeFiles/CMakeTmp/CheckSymbolExists.c: In function ‘main’:
/home/kacperks/Pulpit/Projects/Voxeler/CMakeFiles/CMakeTmp/CheckSymbolExists.c:8:19: error: ‘_aligned_malloc’ undeclared (first use in this function)
    8 |   return ((int*)(&_aligned_malloc))[argc];
      |                   ^~~~~~~~~~~~~~~
/home/kacperks/Pulpit/Projects/Voxeler/CMakeFiles/CMakeTmp/CheckSymbolExists.c:8:19: note: each undeclared identifier is reported only once for each function it appears in
gmake[1]: *** [CMakeFiles/cmTC_56891.dir/build.make:85: CMakeFiles/cmTC_56891.dir/CheckSymbolExists.c.o] Błąd 1
gmake[1]: Opuszczenie katalogu '/home/kacperks/Pulpit/Projects/Voxeler/CMakeFiles/CMakeTmp'
gmake: *** [Makefile:140: cmTC_56891/fast] Błąd 2


File /home/kacperks/Pulpit/Projects/Voxeler/CMakeFiles/CMakeTmp/CheckSymbolExists.c:
/* */
#include <malloc.h>

int main(int argc, char** argv)
{
  (void)argv;
#ifndef _aligned_malloc
  return ((int*)(&_aligned_malloc))[argc];
#else
  (void)argc;
  return 0;
#endif
}
Determining if the proc_pidpath exist failed with the following output:
Change Dir: /home/kacperks/Pulpit/Projects/Voxeler/CMakeFiles/CMakeTmp

Run Build Command(s):/usr/bin/gmake cmTC_e2ca5/fast && /usr/bin/gmake  -f CMakeFiles/cmTC_e2ca5.dir/build.make CMakeFiles/cmTC_e2ca5.dir/build
gmake[1]: Wejście do katalogu '/home/kacperks/Pulpit/Projects/Voxeler/CMakeFiles/CMakeTmp'
Building C object CMakeFiles/cmTC_e2ca5.dir/CheckSymbolExists.c.o
/usr/bin/cc    -o CMakeFiles/cmTC_e2ca5.dir/CheckSymbolExists.c.o -c /home/kacperks/Pulpit/Projects/Voxeler/CMakeFiles/CMakeTmp/CheckSymbolExists.c
/home/kacperks/Pulpit/Projects/Voxeler/CMakeFiles/CMakeTmp/CheckSymbolExists.c:2:10: fatal error: libproc.h: Nie ma takiego pliku ani katalogu
    2 | #include <libproc.h>
      |          ^~~~~~~~~~~
compilation terminated.
gmake[1]: *** [CMakeFiles/cmTC_e2ca5.dir/build.make:85: CMakeFiles/cmTC_e2ca5.dir/CheckSymbolExists.c.o] Błąd 1
gmake[1]: Opuszczenie katalogu '/home/kacperks/Pulpit/Projects/Voxeler/CMakeFiles/CMakeTmp'
gmake: *** [Makefile:140: cmTC_e2ca5/fast] Błąd 2


File /home/kacperks/Pulpit/Projects/Voxeler/CMakeFiles/CMakeTmp/CheckSymbolExists.c:
/* */
#include <libproc.h>

int main(int argc, char** argv)
{
  (void)argv;
#ifndef proc_pidpath
  return ((int*)(&proc_pidpath))[argc];
#else
  (void)argc;
  return 0;
#endif
}
Determining if files pthread.h;pthread_np.h exist failed with the following output:
Change Dir: /home/kacperks/Pulpit/Projects/Voxeler/CMakeFiles/CMakeTmp

Run Build Command(s):/usr/bin/gmake cmTC_ebbcb/fast && /usr/bin/gmake  -f CMakeFiles/cmTC_ebbcb.dir/build.make CMakeFiles/cmTC_ebbcb.dir/build
gmake[1]: Wejście do katalogu '/home/kacperks/Pulpit/Projects/Voxeler/CMakeFiles/CMakeTmp'
Building C object CMakeFiles/cmTC_ebbcb.dir/HAVE_PTHREAD_NP_H.c.o
/usr/bin/cc   -pthread -o CMakeFiles/cmTC_ebbcb.dir/HAVE_PTHREAD_NP_H.c.o -c /home/kacperks/Pulpit/Projects/Voxeler/CMakeFiles/CheckIncludeFiles/HAVE_PTHREAD_NP_H.c
/home/kacperks/Pulpit/Projects/Voxeler/CMakeFiles/CheckIncludeFiles/HAVE_PTHREAD_NP_H.c:3:10: fatal error: pthread_np.h: Nie ma takiego pliku ani katalogu
    3 | #include <pthread_np.h>
      |          ^~~~~~~~~~~~~~
compilation terminated.
gmake[1]: *** [CMakeFiles/cmTC_ebbcb.dir/build.make:85: CMakeFiles/cmTC_ebbcb.dir/HAVE_PTHREAD_NP_H.c.o] Błąd 1
gmake[1]: Opuszczenie katalogu '/home/kacperks/Pulpit/Projects/Voxeler/CMakeFiles/CMakeTmp'
gmake: *** [Makefile:140: cmTC_ebbcb/fast] Błąd 2


Source:
/* */
#include <pthread.h>
#include <pthread_np.h>


int main(void){return 0;}

Determining if the pthread_setname_np exist failed with the following output:
Change Dir: /home/kacperks/Pulpit/Projects/Voxeler/CMakeFiles/CMakeTmp

Run Build Command(s):/usr/bin/gmake cmTC_79c3e/fast && /usr/bin/gmake  -f CMakeFiles/cmTC_79c3e.dir/build.make CMakeFiles/cmTC_79c3e.dir/build
gmake[1]: Wejście do katalogu '/home/kacperks/Pulpit/Projects/Voxeler/CMakeFiles/CMakeTmp'
Building C object CMakeFiles/cmTC_79c3e.dir/CheckSymbolExists.c.o
/usr/bin/cc   -pthread -o CMakeFiles/cmTC_79c3e.dir/CheckSymbolExists.c.o -c /home/kacperks/Pulpit/Projects/Voxeler/CMakeFiles/CMakeTmp/CheckSymbolExists.c
/home/kacperks/Pulpit/Projects/Voxeler/CMakeFiles/CMakeTmp/CheckSymbolExists.c: In function ‘main’:
/home/kacperks/Pulpit/Projects/Voxeler/CMakeFiles/CMakeTmp/CheckSymbolExists.c:8:19: error: ‘pthread_setname_np’ undeclared (first use in this function); did you mean ‘pthread_setcanceltype’?
    8 |   return ((int*)(&pthread_setname_np))[argc];
      |                   ^~~~~~~~~~~~~~~~~~
      |                   pthread_setcanceltype
/home/kacperks/Pulpit/Projects/Voxeler/CMakeFiles/CMakeTmp/CheckSymbolExists.c:8:19: note: each undeclared identifier is reported only once for each function it appears in
gmake[1]: *** [CMakeFiles/cmTC_79c3e.dir/build.make:85: CMakeFiles/cmTC_79c3e.dir/CheckSymbolExists.c.o] Błąd 1
gmake[1]: Opuszczenie katalogu '/home/kacperks/Pulpit/Projects/Voxeler/CMakeFiles/CMakeTmp'
gmake: *** [Makefile:140: cmTC_79c3e/fast] Błąd 2


File /home/kacperks/Pulpit/Projects/Voxeler/CMakeFiles/CMakeTmp/CheckSymbolExists.c:
/* */
#include <pthread.h>

int main(int argc, char** argv)
{
  (void)argv;
#ifndef pthread_setname_np
  return ((int*)(&pthread_setname_np))[argc];
#else
  (void)argc;
  return 0;
#endif
}
Determining if the pthread_set_name_np exist failed with the following output:
Change Dir: /home/kacperks/Pulpit/Projects/Voxeler/CMakeFiles/CMakeTmp

Run Build Command(s):/usr/bin/gmake cmTC_bebf2/fast && /usr/bin/gmake  -f CMakeFiles/cmTC_bebf2.dir/build.make CMakeFiles/cmTC_bebf2.dir/build
gmake[1]: Wejście do katalogu '/home/kacperks/Pulpit/Projects/Voxeler/CMakeFiles/CMakeTmp'
Building C object CMakeFiles/cmTC_bebf2.dir/CheckSymbolExists.c.o
/usr/bin/cc   -pthread -o CMakeFiles/cmTC_bebf2.dir/CheckSymbolExists.c.o -c /home/kacperks/Pulpit/Projects/Voxeler/CMakeFiles/CMakeTmp/CheckSymbolExists.c
/home/kacperks/Pulpit/Projects/Voxeler/CMakeFiles/CMakeTmp/CheckSymbolExists.c: In function ‘main’:
/home/kacperks/Pulpit/Projects/Voxeler/CMakeFiles/CMakeTmp/CheckSymbolExists.c:8:19: error: ‘pthread_set_name_np’ undeclared (first use in this function); did you mean ‘pthread_setcanceltype’?
    8 |   return ((int*)(&pthread_set_name_np))[argc];
      |                   ^~~~~~~~~~~~~~~~~~~
      |                   pthread_setcanceltype
/home/kacperks/Pulpit/Projects/Voxeler/CMakeFiles/CMakeTmp/CheckSymbolExists.c:8:19: note: each undeclared identifier is reported only once for each function it appears in
gmake[1]: *** [CMakeFiles/cmTC_bebf2.dir/build.make:85: CMakeFiles/cmTC_bebf2.dir/CheckSymbolExists.c.o] Błąd 1
gmake[1]: Opuszczenie katalogu '/home/kacperks/Pulpit/Projects/Voxeler/CMakeFiles/CMakeTmp'
gmake: *** [Makefile:140: cmTC_bebf2/fast] Błąd 2


File /home/kacperks/Pulpit/Projects/Voxeler/CMakeFiles/CMakeTmp/CheckSymbolExists.c:
/* */
#include <pthread.h>

int main(int argc, char** argv)
{
  (void)argv;
#ifndef pthread_set_name_np
  return ((int*)(&pthread_set_name_np))[argc];
#else
  (void)argc;
  return 0;
#endif
}
Determining if the include file direct.h exists failed with the following output:
Change Dir: /home/kacperks/Pulpit/Projects/Voxeler/CMakeFiles/CMakeTmp

Run Build Command(s):/usr/bin/gmake cmTC_ec090/fast && /usr/bin/gmake  -f CMakeFiles/cmTC_ec090.dir/build.make CMakeFiles/cmTC_ec090.dir/build
gmake[1]: Wejście do katalogu '/home/kacperks/Pulpit/Projects/Voxeler/CMakeFiles/CMakeTmp'
Building C object CMakeFiles/cmTC_ec090.dir/CheckIncludeFile.c.o
/usr/bin/cc   -std=gnu99 -o CMakeFiles/cmTC_ec090.dir/CheckIncludeFile.c.o -c /home/kacperks/Pulpit/Projects/Voxeler/CMakeFiles/CMakeTmp/CheckIncludeFile.c
/home/kacperks/Pulpit/Projects/Voxeler/CMakeFiles/CMakeTmp/CheckIncludeFile.c:1:10: fatal error: direct.h: Nie ma takiego pliku ani katalogu
    1 | #include <direct.h>
      |          ^~~~~~~~~~
compilation terminated.
gmake[1]: *** [CMakeFiles/cmTC_ec090.dir/build.make:85: CMakeFiles/cmTC_ec090.dir/CheckIncludeFile.c.o] Błąd 1
gmake[1]: Opuszczenie katalogu '/home/kacperks/Pulpit/Projects/Voxeler/CMakeFiles/CMakeTmp'
gmake: *** [Makefile:140: cmTC_ec090/fast] Błąd 2



Determining if the include file io.h exists failed with the following output:
Change Dir: /home/kacperks/Pulpit/Projects/Voxeler/CMakeFiles/CMakeTmp

Run Build Command(s):/usr/bin/gmake cmTC_bec04/fast && /usr/bin/gmake  -f CMakeFiles/cmTC_bec04.dir/build.make CMakeFiles/cmTC_bec04.dir/build
gmake[1]: Wejście do katalogu '/home/kacperks/Pulpit/Projects/Voxeler/CMakeFiles/CMakeTmp'
Building C object CMakeFiles/cmTC_bec04.dir/CheckIncludeFile.c.o
/usr/bin/cc   -std=gnu99 -o CMakeFiles/cmTC_bec04.dir/CheckIncludeFile.c.o -c /home/kacperks/Pulpit/Projects/Voxeler/CMakeFiles/CMakeTmp/CheckIncludeFile.c
/home/kacperks/Pulpit/Projects/Voxeler/CMakeFiles/CMakeTmp/CheckIncludeFile.c:1:10: fatal error: io.h: Nie ma takiego pliku ani katalogu
    1 | #include <io.h>
      |          ^~~~~~
compilation terminated.
gmake[1]: *** [CMakeFiles/cmTC_bec04.dir/build.make:85: CMakeFiles/cmTC_bec04.dir/CheckIncludeFile.c.o] Błąd 1
gmake[1]: Opuszczenie katalogu '/home/kacperks/Pulpit/Projects/Voxeler/CMakeFiles/CMakeTmp'
gmake: *** [Makefile:140: cmTC_bec04/fast] Błąd 2



Determining if the function sqlite3_close exists in the sqlite3 failed with the following output:
Change Dir: /home/kacperks/Pulpit/Projects/Voxeler/CMakeFiles/CMakeTmp

Run Build Command(s):/usr/bin/gmake cmTC_7de9f/fast && /usr/bin/gmake  -f CMakeFiles/cmTC_7de9f.dir/build.make CMakeFiles/cmTC_7de9f.dir/build
gmake[1]: Wejście do katalogu '/home/kacperks/Pulpit/Projects/Voxeler/CMakeFiles/CMakeTmp'
Building C object CMakeFiles/cmTC_7de9f.dir/CheckFunctionExists.c.o
/usr/bin/cc   -DCHECK_FUNCTION_EXISTS=sqlite3_close -std=gnu99 -o CMakeFiles/cmTC_7de9f.dir/CheckFunctionExists.c.o -c /usr/share/cmake-3.18/Modules/CheckFunctionExists.c
Linking C executable cmTC_7de9f
/usr/bin/cmake -E cmake_link_script CMakeFiles/cmTC_7de9f.dir/link.txt --verbose=1
/usr/bin/cc  -DCHECK_FUNCTION_EXISTS=sqlite3_close CMakeFiles/cmTC_7de9f.dir/CheckFunctionExists.c.o -o cmTC_7de9f  -lsqlite3 -lm 
/usr/bin/ld: cannot find -lsqlite3
collect2: error: ld returned 1 exit status
gmake[1]: *** [CMakeFiles/cmTC_7de9f.dir/build.make:106: cmTC_7de9f] Błąd 1
gmake[1]: Opuszczenie katalogu '/home/kacperks/Pulpit/Projects/Voxeler/CMakeFiles/CMakeTmp'
gmake: *** [Makefile:140: cmTC_7de9f/fast] Błąd 2



Performing C SOURCE FILE Test CPU_CLIPS_POSITIVE failed with the following compile output:
Change Dir: /home/kacperks/Pulpit/Projects/Voxeler/CMakeFiles/CMakeTmp

Run Build Command(s):/usr/bin/gmake cmTC_d7c30/fast && /usr/bin/gmake  -f CMakeFiles/cmTC_d7c30.dir/build.make CMakeFiles/cmTC_d7c30.dir/build
gmake[1]: Wejście do katalogu '/home/kacperks/Pulpit/Projects/Voxeler/CMakeFiles/CMakeTmp'
Building C object CMakeFiles/cmTC_d7c30.dir/src.c.o
/usr/bin/cc   -DCPU_CLIPS_POSITIVE -o CMakeFiles/cmTC_d7c30.dir/src.c.o -c /home/kacperks/Pulpit/Projects/Voxeler/CMakeFiles/CMakeTmp/src.c
Linking C executable cmTC_d7c30
/usr/bin/cmake -E cmake_link_script CMakeFiles/cmTC_d7c30.dir/link.txt --verbose=1
/usr/bin/cc  -DCPU_CLIPS_POSITIVE -rdynamic CMakeFiles/cmTC_d7c30.dir/src.c.o -o cmTC_d7c30  -lm 
gmake[1]: Opuszczenie katalogu '/home/kacperks/Pulpit/Projects/Voxeler/CMakeFiles/CMakeTmp'


...and run output:

Return value: 1
Source file was:

			#define	_ISOC9X_SOURCE	1
			#define _ISOC99_SOURCE	1
			#define	__USE_ISOC99	1
			#define __USE_ISOC9X	1
			#include <math.h>
			int main (void)
			{	double	fval ;
				int k, ival ;

				fval = 1.0 * 0x7FFFFFFF ;
				for (k = 0 ; k < 100 ; k++)
				{	ival = (lrint (fval)) >> 24 ;
					if (ival != 127)
						return 1 ;
				
					fval *= 1.2499999 ;
					} ;
				
					return 0 ;
				}
			
Performing C SOURCE FILE Test CPU_CLIPS_NEGATIVE failed with the following compile output:
Change Dir: /home/kacperks/Pulpit/Projects/Voxeler/CMakeFiles/CMakeTmp

Run Build Command(s):/usr/bin/gmake cmTC_bdda7/fast && /usr/bin/gmake  -f CMakeFiles/cmTC_bdda7.dir/build.make CMakeFiles/cmTC_bdda7.dir/build
gmake[1]: Wejście do katalogu '/home/kacperks/Pulpit/Projects/Voxeler/CMakeFiles/CMakeTmp'
Building C object CMakeFiles/cmTC_bdda7.dir/src.c.o
/usr/bin/cc   -DCPU_CLIPS_NEGATIVE -o CMakeFiles/cmTC_bdda7.dir/src.c.o -c /home/kacperks/Pulpit/Projects/Voxeler/CMakeFiles/CMakeTmp/src.c
Linking C executable cmTC_bdda7
/usr/bin/cmake -E cmake_link_script CMakeFiles/cmTC_bdda7.dir/link.txt --verbose=1
/usr/bin/cc  -DCPU_CLIPS_NEGATIVE -rdynamic CMakeFiles/cmTC_bdda7.dir/src.c.o -o cmTC_bdda7  -lm 
gmake[1]: Opuszczenie katalogu '/home/kacperks/Pulpit/Projects/Voxeler/CMakeFiles/CMakeTmp'


...and run output:

Return value: 1
Source file was:

			#define	_ISOC9X_SOURCE	1
			#define _ISOC99_SOURCE	1
			#define	__USE_ISOC99	1
			#define __USE_ISOC9X	1
			#include <math.h>
			int main (void)
			{	double	fval ;
				int k, ival ;

				fval = -8.0 * 0x10000000 ;
				for (k = 0 ; k < 100 ; k++)
				{	ival = (lrint (fval)) >> 24 ;
					if (ival != -128)
						return 1 ;
				
					fval *= 1.2499999 ;
					} ;
				
					return 0 ;
				}
			
